<?xml version="1.0" encoding="UTF-8"?>
<testsuite name="Beispielprojekt.AppTest" tests="1" skipped="0" failures="0" errors="0" timestamp="2020-10-07T17:13:47" hostname="Michaels-MBP" time="0.012">
  <properties/>
  <testcase name="appHasAGreeting()" classname="Beispielprojekt.AppTest" time="0.012"/>
  <system-out><![CDATA[]]></system-out>
  <system-err><![CDATA[]]></system-err>
</testsuite>
